0 info it worked if it ends with ok
1 verbose cli [ 'node', '/usr/local/bin/npm', 'run', 'build' ]
2 info using npm@3.7.2
3 info using node@v0.12.7
4 verbose node symlink /usr/local/bin/node
5 verbose run-script [ 'prebuild', 'build', 'postbuild' ]
6 info lifecycle rx-youtube@0.0.2~prebuild: rx-youtube@0.0.2
7 silly lifecycle rx-youtube@0.0.2~prebuild: no script for prebuild, continuing
8 info lifecycle rx-youtube@0.0.2~build: rx-youtube@0.0.2
9 verbose lifecycle rx-youtube@0.0.2~build: unsafe-perm in lifecycle true
10 verbose lifecycle rx-youtube@0.0.2~build: PATH: /usr/local/lib/node_modules/npm/bin/node-gyp-bin:/Users/daisuke/data/src/javascript/rx-youtube/node_modules/.bin:/usr/local/bin:/Users/daisuke/.sdkman/candidates/groovy/current/bin:/Users/daisuke/.sdkman/candidates/gradle/current/bin:/Applications/Sublime Text.app/Contents/SharedSupport/bin:/usr/bin:/bin:/usr/sbin:/sbin:/usr/local/bin:/opt/X11/bin
11 verbose lifecycle rx-youtube@0.0.2~build: CWD: /Users/daisuke/data/src/javascript/rx-youtube
12 silly lifecycle rx-youtube@0.0.2~build: Args: [ '-c', 'tsc ts/rx-youtube.ts' ]
13 silly lifecycle rx-youtube@0.0.2~build: Returned: code: 2  signal: null
14 info lifecycle rx-youtube@0.0.2~build: Failed to exec build script
15 verbose stack Error: rx-youtube@0.0.2 build: `tsc ts/rx-youtube.ts`
15 verbose stack Exit status 2
15 verbose stack     at EventEmitter.<anonymous> (/usr/local/lib/node_modules/npm/lib/utils/lifecycle.js:239:16)
15 verbose stack     at EventEmitter.emit (events.js:110:17)
15 verbose stack     at ChildProcess.<anonymous> (/usr/local/lib/node_modules/npm/lib/utils/spawn.js:24:14)
15 verbose stack     at ChildProcess.emit (events.js:110:17)
15 verbose stack     at maybeClose (child_process.js:1015:16)
15 verbose stack     at Process.ChildProcess._handle.onexit (child_process.js:1087:5)
16 verbose pkgid rx-youtube@0.0.2
17 verbose cwd /Users/daisuke/data/src/javascript/rx-youtube
18 error Darwin 15.3.0
19 error argv "node" "/usr/local/bin/npm" "run" "build"
20 error node v0.12.7
21 error npm  v3.7.2
22 error code ELIFECYCLE
23 error rx-youtube@0.0.2 build: `tsc ts/rx-youtube.ts`
23 error Exit status 2
24 error Failed at the rx-youtube@0.0.2 build script 'tsc ts/rx-youtube.ts'.
24 error Make sure you have the latest version of node.js and npm installed.
24 error If you do, this is most likely a problem with the rx-youtube package,
24 error not with npm itself.
24 error Tell the author that this fails on your system:
24 error     tsc ts/rx-youtube.ts
24 error You can get information on how to open an issue for this project with:
24 error     npm bugs rx-youtube
24 error Or if that isn't available, you can get their info via:
24 error     npm owner ls rx-youtube
24 error There is likely additional logging output above.
25 verbose exit [ 1, true ]
